TN:
SF:src/index.ts
FN:43,isMobileBrowser
FN:47,(anonymous_3)
FN:53,GestureJs
FN:96,(anonymous_5)
FN:108,(anonymous_6)
FN:116,(anonymous_7)
FN:120,(anonymous_8)
FN:135,(anonymous_9)
FN:163,(anonymous_10)
FN:182,(anonymous_11)
FN:64,(anonymous_12)
FN:75,(anonymous_13)
FN:83,(anonymous_14)
FN:90,(anonymous_15)
FN:128,(anonymous_16)
FN:193,(anonymous_17)
FN:199,(anonymous_18)
FN:203,(anonymous_19)
FN:207,(anonymous_20)
FN:211,(anonymous_21)
FN:215,(anonymous_22)
FN:219,(anonymous_23)
FN:223,(anonymous_24)
FN:227,(anonymous_25)
FN:247,(anonymous_26)
FNF:25
FNH:14
FNDA:6,isMobileBrowser
FNDA:1,(anonymous_3)
FNDA:6,GestureJs
FNDA:1,(anonymous_5)
FNDA:1,(anonymous_6)
FNDA:0,(anonymous_7)
FNDA:1,(anonymous_8)
FNDA:0,(anonymous_9)
FNDA:0,(anonymous_10)
FNDA:0,(anonymous_11)
FNDA:6,(anonymous_12)
FNDA:1,(anonymous_13)
FNDA:1,(anonymous_14)
FNDA:0,(anonymous_15)
FNDA:5,(anonymous_16)
FNDA:0,(anonymous_17)
FNDA:1,(anonymous_18)
FNDA:0,(anonymous_19)
FNDA:0,(anonymous_20)
FNDA:0,(anonymous_21)
FNDA:0,(anonymous_22)
FNDA:1,(anonymous_23)
FNDA:0,(anonymous_24)
FNDA:1,(anonymous_25)
FNDA:1,(anonymous_26)
DA:28,1
DA:44,6
DA:47,1
DA:53,6
DA:54,6
DA:55,6
DA:56,6
DA:58,6
DA:60,6
DA:61,6
DA:64,1
DA:65,6
DA:66,1
DA:68,5
DA:69,0
DA:71,5
DA:75,1
DA:76,1
DA:77,0
DA:79,1
DA:83,1
DA:84,1
DA:85,1
DA:86,1
DA:87,1
DA:90,1
DA:91,0
DA:92,0
DA:93,0
DA:96,6
DA:97,1
DA:98,1
DA:108,6
DA:109,1
DA:110,1
DA:111,1
DA:112,1
DA:113,1
DA:116,6
DA:117,0
DA:120,6
DA:121,1
DA:122,0
DA:123,1
DA:124,1
DA:128,1
DA:129,5
DA:130,5
DA:131,5
DA:132,5
DA:135,6
DA:136,0
DA:137,0
DA:139,0
DA:140,0
DA:148,0
DA:151,0
DA:152,0
DA:153,0
DA:154,0
DA:163,6
DA:164,0
DA:166,0
DA:167,0
DA:168,0
DA:169,0
DA:172,0
DA:174,0
DA:175,0
DA:176,0
DA:177,0
DA:182,6
DA:183,0
DA:185,0
DA:186,0
DA:187,0
DA:188,0
DA:190,0
DA:193,1
DA:194,0
DA:195,0
DA:196,0
DA:199,1
DA:200,1
DA:203,1
DA:204,0
DA:207,1
DA:208,0
DA:211,1
DA:212,0
DA:215,1
DA:216,0
DA:219,1
DA:220,1
DA:223,1
DA:224,0
DA:227,1
DA:228,1
DA:229,0
DA:232,1
DA:233,0
DA:234,0
DA:236,0
DA:239,1
DA:240,0
DA:242,1
DA:247,1
DA:248,1
DA:258,1
LF:109
LH:64
BRDA:97,0,0,0
BRDA:109,1,0,0
BRDA:121,2,0,0
BRDA:121,2,1,1
BRDA:123,3,0,1
BRDA:136,4,0,0
BRDA:139,5,0,0
BRDA:151,6,0,0
BRDA:164,7,0,0
BRDA:164,8,0,0
BRDA:164,8,1,0
BRDA:166,9,0,0
BRDA:174,10,0,0
BRDA:174,10,1,0
BRDA:176,11,0,0
BRDA:183,12,0,0
BRDA:183,13,0,0
BRDA:183,13,1,0
BRDA:185,14,0,0
BRDA:55,15,0,0
BRDA:55,15,1,6
BRDA:58,16,0,6
BRDA:58,16,1,0
BRDA:60,17,0,6
BRDA:60,17,1,0
BRDA:65,18,0,1
BRDA:68,19,0,0
BRDA:68,19,1,5
BRDA:76,20,0,0
BRDA:76,20,1,1
BRDA:200,21,0,0
BRDA:200,21,1,1
BRDA:200,22,0,1
BRDA:200,22,1,1
BRDA:204,23,0,0
BRDA:204,23,1,0
BRDA:204,24,0,0
BRDA:204,24,1,0
BRDA:208,25,0,0
BRDA:208,25,1,0
BRDA:208,26,0,0
BRDA:208,26,1,0
BRDA:212,27,0,0
BRDA:212,27,1,0
BRDA:212,28,0,0
BRDA:212,28,1,0
BRDA:216,29,0,0
BRDA:216,29,1,0
BRDA:216,30,0,0
BRDA:216,30,1,0
BRDA:220,31,0,0
BRDA:220,31,1,1
BRDA:220,32,0,1
BRDA:220,32,1,1
BRDA:224,33,0,0
BRDA:224,33,1,0
BRDA:224,34,0,0
BRDA:224,34,1,0
BRDA:228,35,0,0
BRDA:228,36,0,1
BRDA:228,36,1,0
BRDA:232,37,0,0
BRDA:232,37,1,1
BRDA:233,38,0,0
BRDA:233,38,1,0
BRDA:239,39,0,0
BRDA:239,39,1,1
BRF:67
BRH:17
end_of_record
